2023-12-06 23:48:15,263 [ERROR] /home/vinxenxo/code-workspace/app/controllers/user_controller.py:33 - Invalid login attempt.
2023-12-06 23:48:16,792 [ERROR] /home/vinxenxo/code-workspace/app/controllers/user_controller.py:33 - Invalid login attempt.
2023-12-06 23:48:17,792 [ERROR] /home/vinxenxo/code-workspace/app/controllers/user_controller.py:33 - Invalid login attempt.
2023-12-06 23:48:19,199 [ERROR] /home/vinxenxo/code-workspace/app/controllers/user_controller.py:33 - Invalid login attempt.
2023-12-06 23:48:24,008 [INFO] /home/vinxenxo/code-workspace/app/controllers/user_controller.py:29 - User admin logged in successfully.
2023-12-06 23:48:26,654 [ERROR] /home/vinxenxo/code-workspace/app/controllers/admin_controllers.py:25 - Log file not found: app.log
2023-12-06 23:49:15,072 [ERROR] /home/vinxenxo/code-workspace/app/controllers/admin_controllers.py:25 - Log file not found: app.log
2023-12-06 23:49:29,720 [ERROR] /home/vinxenxo/code-workspace/app/controllers/admin_controllers.py:25 - Log file not found: app.log
2023-12-06 23:49:33,449 [ERROR] /home/vinxenxo/code-workspace/app/controllers/admin_controllers.py:25 - Log file not found: app.log
2023-12-06 23:49:44,541 [WARNING] /home/vinxenxo/code-workspace/app/controllers/admin_controllers.py:35 - Invalid log entry format: 2023-12-06 23:48:15,263 [ERROR] /home/vinxenxo/code-workspace/app/controllers/user_controller.py:33 - Invalid login attempt.

2023-12-06 23:49:44,541 [WARNING] /home/vinxenxo/code-workspace/app/controllers/admin_controllers.py:35 - Invalid log entry format: 2023-12-06 23:48:16,792 [ERROR] /home/vinxenxo/code-workspace/app/controllers/user_controller.py:33 - Invalid login attempt.

2023-12-06 23:49:44,542 [WARNING] /home/vinxenxo/code-workspace/app/controllers/admin_controllers.py:35 - Invalid log entry format: 2023-12-06 23:48:17,792 [ERROR] /home/vinxenxo/code-workspace/app/controllers/user_controller.py:33 - Invalid login attempt.

2023-12-06 23:49:44,542 [WARNING] /home/vinxenxo/code-workspace/app/controllers/admin_controllers.py:35 - Invalid log entry format: 2023-12-06 23:48:19,199 [ERROR] /home/vinxenxo/code-workspace/app/controllers/user_controller.py:33 - Invalid login attempt.

2023-12-06 23:49:44,542 [WARNING] /home/vinxenxo/code-workspace/app/controllers/admin_controllers.py:35 - Invalid log entry format: 2023-12-06 23:48:24,008 [INFO] /home/vinxenxo/code-workspace/app/controllers/user_controller.py:29 - User admin logged in successfully.

2023-12-06 23:49:44,542 [WARNING] /home/vinxenxo/code-workspace/app/controllers/admin_controllers.py:35 - Invalid log entry format: 2023-12-06 23:48:26,654 [ERROR] /home/vinxenxo/code-workspace/app/controllers/admin_controllers.py:25 - Log file not found: app.log

2023-12-06 23:49:44,542 [WARNING] /home/vinxenxo/code-workspace/app/controllers/admin_controllers.py:35 - Invalid log entry format: 2023-12-06 23:49:15,072 [ERROR] /home/vinxenxo/code-workspace/app/controllers/admin_controllers.py:25 - Log file not found: app.log

2023-12-06 23:49:44,542 [WARNING] /home/vinxenxo/code-workspace/app/controllers/admin_controllers.py:35 - Invalid log entry format: 2023-12-06 23:49:29,720 [ERROR] /home/vinxenxo/code-workspace/app/controllers/admin_controllers.py:25 - Log file not found: app.log

2023-12-06 23:49:44,542 [WARNING] /home/vinxenxo/code-workspace/app/controllers/admin_controllers.py:35 - Invalid log entry format: 2023-12-06 23:49:33,449 [ERROR] /home/vinxenxo/code-workspace/app/controllers/admin_controllers.py:25 - Log file not found: app.log

2023-12-06 23:49:44,542 [WARNING] /home/vinxenxo/code-workspace/app/controllers/admin_controllers.py:35 - Invalid log entry format: 2023-12-06 23:48:24,008 [INFO] /home/vinxenxo/code-workspace/app/controllers/user_controller.py:29 - User admin logged in successfully.

2023-12-06 23:49:44,542 [WARNING] /home/vinxenxo/code-workspace/app/controllers/admin_controllers.py:35 - Invalid log entry format: 2023-12-06 23:48:15,263 [ERROR] /home/vinxenxo/code-workspace/app/controllers/user_controller.py:33 - Invalid login attempt.

2023-12-06 23:49:44,542 [WARNING] /home/vinxenxo/code-workspace/app/controllers/admin_controllers.py:35 - Invalid log entry format: 2023-12-06 23:48:16,792 [ERROR] /home/vinxenxo/code-workspace/app/controllers/user_controller.py:33 - Invalid login attempt.

2023-12-06 23:49:44,542 [WARNING] /home/vinxenxo/code-workspace/app/controllers/admin_controllers.py:35 - Invalid log entry format: 2023-12-06 23:48:17,792 [ERROR] /home/vinxenxo/code-workspace/app/controllers/user_controller.py:33 - Invalid login attempt.

2023-12-06 23:49:44,543 [WARNING] /home/vinxenxo/code-workspace/app/controllers/admin_controllers.py:35 - Invalid log entry format: 2023-12-06 23:48:19,199 [ERROR] /home/vinxenxo/code-workspace/app/controllers/user_controller.py:33 - Invalid login attempt.

2023-12-06 23:49:44,543 [WARNING] /home/vinxenxo/code-workspace/app/controllers/admin_controllers.py:35 - Invalid log entry format: 2023-12-06 23:48:26,654 [ERROR] /home/vinxenxo/code-workspace/app/controllers/admin_controllers.py:25 - Log file not found: app.log

2023-12-06 23:49:44,543 [WARNING] /home/vinxenxo/code-workspace/app/controllers/admin_controllers.py:35 - Invalid log entry format: 2023-12-06 23:49:15,072 [ERROR] /home/vinxenxo/code-workspace/app/controllers/admin_controllers.py:25 - Log file not found: app.log

2023-12-06 23:49:44,543 [WARNING] /home/vinxenxo/code-workspace/app/controllers/admin_controllers.py:35 - Invalid log entry format: 2023-12-06 23:49:29,720 [ERROR] /home/vinxenxo/code-workspace/app/controllers/admin_controllers.py:25 - Log file not found: app.log

2023-12-06 23:49:44,543 [WARNING] /home/vinxenxo/code-workspace/app/controllers/admin_controllers.py:35 - Invalid log entry format: 2023-12-06 23:49:33,449 [ERROR] /home/vinxenxo/code-workspace/app/controllers/admin_controllers.py:25 - Log file not found: app.log

2023-12-06 23:49:44,543 [INFO] /home/vinxenxo/code-workspace/app/controllers/admin_controllers.py:68 - Admin user admin viewed logs.
2023-12-06 23:49:48,365 [WARNING] /home/vinxenxo/code-workspace/app/controllers/admin_controllers.py:35 - Invalid log entry format: 

2023-12-06 23:49:48,365 [WARNING] /home/vinxenxo/code-workspace/app/controllers/admin_controllers.py:35 - Invalid log entry format: 

2023-12-06 23:49:48,365 [WARNING] /home/vinxenxo/code-workspace/app/controllers/admin_controllers.py:35 - Invalid log entry format: 

2023-12-06 23:49:48,365 [WARNING] /home/vinxenxo/code-workspace/app/controllers/admin_controllers.py:35 - Invalid log entry format: 

2023-12-06 23:49:48,365 [WARNING] /home/vinxenxo/code-workspace/app/controllers/admin_controllers.py:35 - Invalid log entry format: 

2023-12-06 23:49:48,365 [WARNING] /home/vinxenxo/code-workspace/app/controllers/admin_controllers.py:35 - Invalid log entry format: 

2023-12-06 23:49:48,365 [WARNING] /home/vinxenxo/code-workspace/app/controllers/admin_controllers.py:35 - Invalid log entry format: 

2023-12-06 23:49:48,365 [WARNING] /home/vinxenxo/code-workspace/app/controllers/admin_controllers.py:35 - Invalid log entry format: 

2023-12-06 23:49:48,366 [WARNING] /home/vinxenxo/code-workspace/app/controllers/admin_controllers.py:35 - Invalid log entry format: 

2023-12-06 23:49:48,366 [WARNING] /home/vinxenxo/code-workspace/app/controllers/admin_controllers.py:35 - Invalid log entry format: 

2023-12-06 23:49:48,366 [INFO] /home/vinxenxo/code-workspace/app/controllers/admin_controllers.py:68 - Admin user admin viewed logs.
2023-12-06 23:49:54,177 [WARNING] /home/vinxenxo/code-workspace/app/controllers/admin_controllers.py:35 - Invalid log entry format: 2023-12-06 23:48:15,263 [ERROR] /home/vinxenxo/code-workspace/app/controllers/user_controller.py:33 - Invalid login attempt.

2023-12-06 23:49:54,177 [WARNING] /home/vinxenxo/code-workspace/app/controllers/admin_controllers.py:35 - Invalid log entry format: 2023-12-06 23:48:16,792 [ERROR] /home/vinxenxo/code-workspace/app/controllers/user_controller.py:33 - Invalid login attempt.

2023-12-06 23:49:54,177 [WARNING] /home/vinxenxo/code-workspace/app/controllers/admin_controllers.py:35 - Invalid log entry format: 2023-12-06 23:48:17,792 [ERROR] /home/vinxenxo/code-workspace/app/controllers/user_controller.py:33 - Invalid login attempt.

2023-12-06 23:49:54,177 [WARNING] /home/vinxenxo/code-workspace/app/controllers/admin_controllers.py:35 - Invalid log entry format: 2023-12-06 23:48:19,199 [ERROR] /home/vinxenxo/code-workspace/app/controllers/user_controller.py:33 - Invalid login attempt.

2023-12-06 23:49:54,177 [WARNING] /home/vinxenxo/code-workspace/app/controllers/admin_controllers.py:35 - Invalid log entry format: 2023-12-06 23:48:24,008 [INFO] /home/vinxenxo/code-workspace/app/controllers/user_controller.py:29 - User admin logged in successfully.

2023-12-06 23:49:54,177 [WARNING] /home/vinxenxo/code-workspace/app/controllers/admin_controllers.py:35 - Invalid log entry format: 2023-12-06 23:48:26,654 [ERROR] /home/vinxenxo/code-workspace/app/controllers/admin_controllers.py:25 - Log file not found: app.log

2023-12-06 23:49:54,177 [WARNING] /home/vinxenxo/code-workspace/app/controllers/admin_controllers.py:35 - Invalid log entry format: 2023-12-06 23:49:15,072 [ERROR] /home/vinxenxo/code-workspace/app/controllers/admin_controllers.py:25 - Log file not found: app.log

2023-12-06 23:49:54,177 [WARNING] /home/vinxenxo/code-workspace/app/controllers/admin_controllers.py:35 - Invalid log entry format: 2023-12-06 23:49:29,720 [ERROR] /home/vinxenxo/code-workspace/app/controllers/admin_controllers.py:25 - Log file not found: app.log

2023-12-06 23:49:54,177 [WARNING] /home/vinxenxo/code-workspace/app/controllers/admin_controllers.py:35 - Invalid log entry format: 2023-12-06 23:49:33,449 [ERROR] /home/vinxenxo/code-workspace/app/controllers/admin_controllers.py:25 - Log file not found: app.log

2023-12-06 23:49:54,177 [WARNING] /home/vinxenxo/code-workspace/app/controllers/admin_controllers.py:35 - Invalid log entry format: 

2023-12-06 23:49:54,178 [WARNING] /home/vinxenxo/code-workspace/app/controllers/admin_controllers.py:35 - Invalid log entry format: 

2023-12-06 23:49:54,178 [WARNING] /home/vinxenxo/code-workspace/app/controllers/admin_controllers.py:35 - Invalid log entry format: 

2023-12-06 23:49:54,178 [WARNING] /home/vinxenxo/code-workspace/app/controllers/admin_controllers.py:35 - Invalid log entry format: 

2023-12-06 23:49:54,178 [WARNING] /home/vinxenxo/code-workspace/app/controllers/admin_controllers.py:35 - Invalid log entry format: 

2023-12-06 23:49:54,178 [WARNING] /home/vinxenxo/code-workspace/app/controllers/admin_controllers.py:35 - Invalid log entry format: 2023-12-06 23:48:24,008 [INFO] /home/vinxenxo/code-workspace/app/controllers/user_controller.py:29 - User admin logged in successfully.

2023-12-06 23:49:54,178 [WARNING] /home/vinxenxo/code-workspace/app/controllers/admin_controllers.py:35 - Invalid log entry format: 2023-12-06 23:48:15,263 [ERROR] /home/vinxenxo/code-workspace/app/controllers/user_controller.py:33 - Invalid login attempt.

2023-12-06 23:49:54,178 [WARNING] /home/vinxenxo/code-workspace/app/controllers/admin_controllers.py:35 - Invalid log entry format: 2023-12-06 23:48:16,792 [ERROR] /home/vinxenxo/code-workspace/app/controllers/user_controller.py:33 - Invalid login attempt.

2023-12-06 23:49:54,178 [WARNING] /home/vinxenxo/code-workspace/app/controllers/admin_controllers.py:35 - Invalid log entry format: 2023-12-06 23:48:17,792 [ERROR] /home/vinxenxo/code-workspace/app/controllers/user_controller.py:33 - Invalid login attempt.

2023-12-06 23:49:54,178 [WARNING] /home/vinxenxo/code-workspace/app/controllers/admin_controllers.py:35 - Invalid log entry format: 2023-12-06 23:48:19,199 [ERROR] /home/vinxenxo/code-workspace/app/controllers/user_controller.py:33 - Invalid login attempt.

2023-12-06 23:49:54,178 [WARNING] /home/vinxenxo/code-workspace/app/controllers/admin_controllers.py:35 - Invalid log entry format: 2023-12-06 23:48:26,654 [ERROR] /home/vinxenxo/code-workspace/app/controllers/admin_controllers.py:25 - Log file not found: app.log

2023-12-06 23:49:54,178 [WARNING] /home/vinxenxo/code-workspace/app/controllers/admin_controllers.py:35 - Invalid log entry format: 2023-12-06 23:49:15,072 [ERROR] /home/vinxenxo/code-workspace/app/controllers/admin_controllers.py:25 - Log file not found: app.log

2023-12-06 23:49:54,178 [WARNING] /home/vinxenxo/code-workspace/app/controllers/admin_controllers.py:35 - Invalid log entry format: 2023-12-06 23:49:29,720 [ERROR] /home/vinxenxo/code-workspace/app/controllers/admin_controllers.py:25 - Log file not found: app.log

2023-12-06 23:49:54,178 [WARNING] /home/vinxenxo/code-workspace/app/controllers/admin_controllers.py:35 - Invalid log entry format: 2023-12-06 23:49:33,449 [ERROR] /home/vinxenxo/code-workspace/app/controllers/admin_controllers.py:25 - Log file not found: app.log

2023-12-06 23:49:54,178 [INFO] /home/vinxenxo/code-workspace/app/controllers/admin_controllers.py:68 - Admin user admin viewed logs.
2023-12-06 23:51:13,043 [WARNING] /home/vinxenxo/code-workspace/app/controllers/admin_controllers.py:35 - Invalid log entry format: 2023-12-06 23:48:15,263 [ERROR] /home/vinxenxo/code-workspace/app/controllers/user_controller.py:33 - Invalid login attempt.

2023-12-06 23:51:13,043 [WARNING] /home/vinxenxo/code-workspace/app/controllers/admin_controllers.py:35 - Invalid log entry format: 2023-12-06 23:48:16,792 [ERROR] /home/vinxenxo/code-workspace/app/controllers/user_controller.py:33 - Invalid login attempt.

2023-12-06 23:51:13,043 [WARNING] /home/vinxenxo/code-workspace/app/controllers/admin_controllers.py:35 - Invalid log entry format: 2023-12-06 23:48:17,792 [ERROR] /home/vinxenxo/code-workspace/app/controllers/user_controller.py:33 - Invalid login attempt.

2023-12-06 23:51:13,043 [WARNING] /home/vinxenxo/code-workspace/app/controllers/admin_controllers.py:35 - Invalid log entry format: 2023-12-06 23:48:19,199 [ERROR] /home/vinxenxo/code-workspace/app/controllers/user_controller.py:33 - Invalid login attempt.

2023-12-06 23:51:13,043 [WARNING] /home/vinxenxo/code-workspace/app/controllers/admin_controllers.py:35 - Invalid log entry format: 2023-12-06 23:48:24,008 [INFO] /home/vinxenxo/code-workspace/app/controllers/user_controller.py:29 - User admin logged in successfully.

2023-12-06 23:51:13,043 [WARNING] /home/vinxenxo/code-workspace/app/controllers/admin_controllers.py:35 - Invalid log entry format: 2023-12-06 23:48:26,654 [ERROR] /home/vinxenxo/code-workspace/app/controllers/admin_controllers.py:25 - Log file not found: app.log

2023-12-06 23:51:13,043 [WARNING] /home/vinxenxo/code-workspace/app/controllers/admin_controllers.py:35 - Invalid log entry format: 2023-12-06 23:49:15,072 [ERROR] /home/vinxenxo/code-workspace/app/controllers/admin_controllers.py:25 - Log file not found: app.log

2023-12-06 23:51:13,043 [WARNING] /home/vinxenxo/code-workspace/app/controllers/admin_controllers.py:35 - Invalid log entry format: 2023-12-06 23:49:29,720 [ERROR] /home/vinxenxo/code-workspace/app/controllers/admin_controllers.py:25 - Log file not found: app.log

2023-12-06 23:51:13,043 [WARNING] /home/vinxenxo/code-workspace/app/controllers/admin_controllers.py:35 - Invalid log entry format: 2023-12-06 23:49:33,449 [ERROR] /home/vinxenxo/code-workspace/app/controllers/admin_controllers.py:25 - Log file not found: app.log

2023-12-06 23:51:13,043 [WARNING] /home/vinxenxo/code-workspace/app/controllers/admin_controllers.py:35 - Invalid log entry format: 

2023-12-06 23:51:13,043 [WARNING] /home/vinxenxo/code-workspace/app/controllers/admin_controllers.py:35 - Invalid log entry format: 

2023-12-06 23:51:13,043 [WARNING] /home/vinxenxo/code-workspace/app/controllers/admin_controllers.py:35 - Invalid log entry format: 

2023-12-06 23:51:13,044 [WARNING] /home/vinxenxo/code-workspace/app/controllers/admin_controllers.py:35 - Invalid log entry format: 

2023-12-06 23:51:13,044 [WARNING] /home/vinxenxo/code-workspace/app/controllers/admin_controllers.py:35 - Invalid log entry format: 

2023-12-06 23:51:13,044 [WARNING] /home/vinxenxo/code-workspace/app/controllers/admin_controllers.py:35 - Invalid log entry format: 2023-12-06 23:48:24,008 [INFO] /home/vinxenxo/code-workspace/app/controllers/user_controller.py:29 - User admin logged in successfully.

2023-12-06 23:51:13,044 [WARNING] /home/vinxenxo/code-workspace/app/controllers/admin_controllers.py:35 - Invalid log entry format: 2023-12-06 23:48:15,263 [ERROR] /home/vinxenxo/code-workspace/app/controllers/user_controller.py:33 - Invalid login attempt.

2023-12-06 23:51:13,044 [WARNING] /home/vinxenxo/code-workspace/app/controllers/admin_controllers.py:35 - Invalid log entry format: 2023-12-06 23:48:16,792 [ERROR] /home/vinxenxo/code-workspace/app/controllers/user_controller.py:33 - Invalid login attempt.

2023-12-06 23:51:13,044 [WARNING] /home/vinxenxo/code-workspace/app/controllers/admin_controllers.py:35 - Invalid log entry format: 2023-12-06 23:48:17,792 [ERROR] /home/vinxenxo/code-workspace/app/controllers/user_controller.py:33 - Invalid login attempt.

2023-12-06 23:51:13,044 [WARNING] /home/vinxenxo/code-workspace/app/controllers/admin_controllers.py:35 - Invalid log entry format: 2023-12-06 23:48:19,199 [ERROR] /home/vinxenxo/code-workspace/app/controllers/user_controller.py:33 - Invalid login attempt.

2023-12-06 23:51:13,044 [WARNING] /home/vinxenxo/code-workspace/app/controllers/admin_controllers.py:35 - Invalid log entry format: 2023-12-06 23:48:26,654 [ERROR] /home/vinxenxo/code-workspace/app/controllers/admin_controllers.py:25 - Log file not found: app.log

2023-12-06 23:51:13,044 [WARNING] /home/vinxenxo/code-workspace/app/controllers/admin_controllers.py:35 - Invalid log entry format: 2023-12-06 23:49:15,072 [ERROR] /home/vinxenxo/code-workspace/app/controllers/admin_controllers.py:25 - Log file not found: app.log

2023-12-06 23:51:13,044 [WARNING] /home/vinxenxo/code-workspace/app/controllers/admin_controllers.py:35 - Invalid log entry format: 2023-12-06 23:49:29,720 [ERROR] /home/vinxenxo/code-workspace/app/controllers/admin_controllers.py:25 - Log file not found: app.log

2023-12-06 23:51:13,044 [WARNING] /home/vinxenxo/code-workspace/app/controllers/admin_controllers.py:35 - Invalid log entry format: 2023-12-06 23:49:33,449 [ERROR] /home/vinxenxo/code-workspace/app/controllers/admin_controllers.py:25 - Log file not found: app.log

2023-12-06 23:51:13,044 [INFO] /home/vinxenxo/code-workspace/app/controllers/admin_controllers.py:68 - Admin user admin viewed logs.
2023-12-06 23:55:16,045 [DEBUG] /home/vinxenxo/code-workspace/app/controllers/user_controller.py:109 - User kinko created.
2023-12-06 23:55:58,261 [INFO] /home/vinxenxo/code-workspace/app/controllers/user_controller.py:29 - User admin logged in successfully.
2023-12-06 23:56:14,273 [WARNING] /home/vinxenxo/code-workspace/app/controllers/admin_controllers.py:35 - Invalid log entry format: 2023-12-06 23:48:15,263 [ERROR] /home/vinxenxo/code-workspace/app/controllers/user_controller.py:33 - Invalid login attempt.

2023-12-06 23:56:14,274 [WARNING] /home/vinxenxo/code-workspace/app/controllers/admin_controllers.py:35 - Invalid log entry format: 2023-12-06 23:48:16,792 [ERROR] /home/vinxenxo/code-workspace/app/controllers/user_controller.py:33 - Invalid login attempt.

2023-12-06 23:56:14,274 [WARNING] /home/vinxenxo/code-workspace/app/controllers/admin_controllers.py:35 - Invalid log entry format: 2023-12-06 23:48:17,792 [ERROR] /home/vinxenxo/code-workspace/app/controllers/user_controller.py:33 - Invalid login attempt.

2023-12-06 23:56:14,274 [WARNING] /home/vinxenxo/code-workspace/app/controllers/admin_controllers.py:35 - Invalid log entry format: 2023-12-06 23:48:19,199 [ERROR] /home/vinxenxo/code-workspace/app/controllers/user_controller.py:33 - Invalid login attempt.

2023-12-06 23:56:14,274 [WARNING] /home/vinxenxo/code-workspace/app/controllers/admin_controllers.py:35 - Invalid log entry format: 2023-12-06 23:48:24,008 [INFO] /home/vinxenxo/code-workspace/app/controllers/user_controller.py:29 - User admin logged in successfully.

2023-12-06 23:56:14,274 [WARNING] /home/vinxenxo/code-workspace/app/controllers/admin_controllers.py:35 - Invalid log entry format: 2023-12-06 23:48:26,654 [ERROR] /home/vinxenxo/code-workspace/app/controllers/admin_controllers.py:25 - Log file not found: app.log

2023-12-06 23:56:14,274 [WARNING] /home/vinxenxo/code-workspace/app/controllers/admin_controllers.py:35 - Invalid log entry format: 2023-12-06 23:49:15,072 [ERROR] /home/vinxenxo/code-workspace/app/controllers/admin_controllers.py:25 - Log file not found: app.log

2023-12-06 23:56:14,274 [WARNING] /home/vinxenxo/code-workspace/app/controllers/admin_controllers.py:35 - Invalid log entry format: 2023-12-06 23:49:29,720 [ERROR] /home/vinxenxo/code-workspace/app/controllers/admin_controllers.py:25 - Log file not found: app.log

2023-12-06 23:56:14,274 [WARNING] /home/vinxenxo/code-workspace/app/controllers/admin_controllers.py:35 - Invalid log entry format: 2023-12-06 23:49:33,449 [ERROR] /home/vinxenxo/code-workspace/app/controllers/admin_controllers.py:25 - Log file not found: app.log

2023-12-06 23:56:14,274 [WARNING] /home/vinxenxo/code-workspace/app/controllers/admin_controllers.py:35 - Invalid log entry format: 

2023-12-06 23:56:14,274 [WARNING] /home/vinxenxo/code-workspace/app/controllers/admin_controllers.py:35 - Invalid log entry format: 

2023-12-06 23:56:14,274 [WARNING] /home/vinxenxo/code-workspace/app/controllers/admin_controllers.py:35 - Invalid log entry format: 

2023-12-06 23:56:14,274 [WARNING] /home/vinxenxo/code-workspace/app/controllers/admin_controllers.py:35 - Invalid log entry format: 

2023-12-06 23:56:14,274 [WARNING] /home/vinxenxo/code-workspace/app/controllers/admin_controllers.py:35 - Invalid log entry format: 

2023-12-06 23:56:14,274 [WARNING] /home/vinxenxo/code-workspace/app/controllers/admin_controllers.py:35 - Invalid log entry format: 2023-12-06 23:48:24,008 [INFO] /home/vinxenxo/code-workspace/app/controllers/user_controller.py:29 - User admin logged in successfully.

2023-12-06 23:56:14,275 [WARNING] /home/vinxenxo/code-workspace/app/controllers/admin_controllers.py:35 - Invalid log entry format: 2023-12-06 23:48:15,263 [ERROR] /home/vinxenxo/code-workspace/app/controllers/user_controller.py:33 - Invalid login attempt.

2023-12-06 23:56:14,275 [WARNING] /home/vinxenxo/code-workspace/app/controllers/admin_controllers.py:35 - Invalid log entry format: 2023-12-06 23:48:16,792 [ERROR] /home/vinxenxo/code-workspace/app/controllers/user_controller.py:33 - Invalid login attempt.

2023-12-06 23:56:14,275 [WARNING] /home/vinxenxo/code-workspace/app/controllers/admin_controllers.py:35 - Invalid log entry format: 2023-12-06 23:48:17,792 [ERROR] /home/vinxenxo/code-workspace/app/controllers/user_controller.py:33 - Invalid login attempt.

2023-12-06 23:56:14,275 [WARNING] /home/vinxenxo/code-workspace/app/controllers/admin_controllers.py:35 - Invalid log entry format: 2023-12-06 23:48:19,199 [ERROR] /home/vinxenxo/code-workspace/app/controllers/user_controller.py:33 - Invalid login attempt.

2023-12-06 23:56:14,275 [WARNING] /home/vinxenxo/code-workspace/app/controllers/admin_controllers.py:35 - Invalid log entry format: 2023-12-06 23:48:26,654 [ERROR] /home/vinxenxo/code-workspace/app/controllers/admin_controllers.py:25 - Log file not found: app.log

2023-12-06 23:56:14,275 [WARNING] /home/vinxenxo/code-workspace/app/controllers/admin_controllers.py:35 - Invalid log entry format: 2023-12-06 23:49:15,072 [ERROR] /home/vinxenxo/code-workspace/app/controllers/admin_controllers.py:25 - Log file not found: app.log

2023-12-06 23:56:14,275 [WARNING] /home/vinxenxo/code-workspace/app/controllers/admin_controllers.py:35 - Invalid log entry format: 2023-12-06 23:49:29,720 [ERROR] /home/vinxenxo/code-workspace/app/controllers/admin_controllers.py:25 - Log file not found: app.log

2023-12-06 23:56:14,275 [WARNING] /home/vinxenxo/code-workspace/app/controllers/admin_controllers.py:35 - Invalid log entry format: 2023-12-06 23:49:33,449 [ERROR] /home/vinxenxo/code-workspace/app/controllers/admin_controllers.py:25 - Log file not found: app.log

2023-12-06 23:56:14,275 [INFO] /home/vinxenxo/code-workspace/app/controllers/admin_controllers.py:68 - Admin user admin viewed logs.
